#
# There is insufficient memory for the Java Runtime Environment to continue.
# Native memory allocation (malloc) failed to allocate 1346576 bytes for Chunk::new
# Possible reasons:
#   The system is out of physical RAM or swap space
#   The process is running with CompressedOops enabled, and the Java Heap may be blocking the growth of the native heap
# Possible solutions:
#   Reduce memory load on the system
#   Increase physical memory or swap space
#   Check if swap backing store is full
#   Decrease Java heap size (-Xmx/-Xms)
#   Decrease number of Java threads
#   Decrease Java thread stack sizes (-Xss)
#   Set larger code cache with -XX:ReservedCodeCacheSize=
#   JVM is running with Unscaled Compressed Oops mode in which the Java heap is
#     placed in the first 4GB address space. The Java Heap base address is the
#     maximum limit for the native heap growth. Please use -XX:HeapBaseMinAddress
#     to set the Java Heap base and to place the Java Heap above 4GB virtual address.
# This output file may be truncated or incomplete.
#
#  Out of Memory Error (allocation.cpp:389), pid=2988, tid=0x0000000000002df4
#
# JRE version: OpenJDK Runtime Environment (8.0_242-b01) (build 1.8.0_242-release-1644-b01)
# Java VM: OpenJDK 64-Bit Server VM (25.242-b01 mixed mode windows-amd64 compressed oops)
# Failed to write core dump. Minidumps are not enabled by default on client versions of Windows
#

---------------  T H R E A D  ---------------

Current thread (0x0000000017691000):  JavaThread "C2 CompilerThread1" daemon [_thread_in_native, id=11764, stack(0x0000000018d90000,0x0000000018e90000)]

Stack: [0x0000000018d90000,0x0000000018e90000]
[error occurred during error reporting (printing stack bounds), id 0xc0000005]

Native frames: (J=compiled Java code, j=interpreted, Vv=VM code, C=native code)


Current CompileTask:
C2:3880560 10562       4       org.gradle.api.internal.artifacts.transform.ConsumerProvidedVariantFinder::matchAttributes (68 bytes)


---------------  P R O C E S S  ---------------

Java Threads: ( => current thread )
  0x00000000204ad000 JavaThread "Execution worker for ':' Thread 3" [_thread_blocked, id=1708, stack(0x00000000256b0000,0x00000000257b0000)]
  0x00000000204b0000 JavaThread "Execution worker for ':' Thread 2" [_thread_in_native, id=11956, stack(0x00000000255b0000,0x00000000256b0000)]
  0x00000000204b4000 JavaThread "Execution worker for ':'" [_thread_blocked, id=12764, stack(0x00000000254b0000,0x00000000255b0000)]
  0x00000000204b2000 JavaThread "Cache worker for file content cache (C:\Users\ok\AndroidStudioProjects\Connecto\.gradle\6.1.1\fileContent)" [_thread_blocked, id=13248, stack(0x00000000253b0000,0x00000000254b0000)]
  0x00000000204ad800 JavaThread "Cache worker for Build Output Cleanup Cache (C:\Users\ok\AndroidStudioProjects\Connecto\.gradle\buildOutputCleanup)" [_thread_blocked, id=6712, stack(0x00000000252b0000,0x00000000253b0000)]
  0x0000000019f0d000 JavaThread "Build operations Thread 4" [_thread_blocked, id=13336, stack(0x0000000024db0000,0x0000000024eb0000)]
  0x0000000019f14000 JavaThread "Build operations Thread 3" [_thread_blocked, id=14180, stack(0x0000000024640000,0x0000000024740000)]
  0x0000000019f12800 JavaThread "Build operations Thread 2" [_thread_blocked, id=13768, stack(0x0000000024140000,0x0000000024240000)]
  0x0000000019f0f800 JavaThread "Build operations" [_thread_blocked, id=8900, stack(0x0000000023640000,0x0000000023740000)]
  0x000000001a5b7000 JavaThread "Cache worker for cache directory md-rule (C:\Users\ok\.gradle\caches\6.1.1\md-rule)" [_thread_blocked, id=11404, stack(0x0000000022f40000,0x0000000023040000)]
  0x000000001a5b4000 JavaThread "Cache worker for cache directory md-supplier (C:\Users\ok\.gradle\caches\6.1.1\md-supplier)" [_thread_blocked, id=12940, stack(0x0000000022e40000,0x0000000022f40000)]
  0x000000001a5b7800 JavaThread "Cache worker for file hash cache (C:\Users\ok\AndroidStudioProjects\Connecto\.gradle\6.1.1\fileHashes)" [_thread_blocked, id=13620, stack(0x0000000022d40000,0x0000000022e40000)]
  0x000000001a5af800 JavaThread "Cache worker for checksums cache (C:\Users\ok\AndroidStudioProjects\Connecto\.gradle\checksums)" [_thread_blocked, id=13840, stack(0x0000000022c40000,0x0000000022d40000)]
  0x000000001a5b3000 JavaThread "Thread-36" [_thread_blocked, id=4992, stack(0x000000001fa50000,0x000000001fb50000)]
  0x000000001a5b2800 JavaThread "Stdin handler" [_thread_blocked, id=9496, stack(0x000000001f950000,0x000000001fa50000)]
  0x000000001a5b5800 JavaThread "Asynchronous log dispatcher for DefaultDaemonConnection: socket connection from /127.0.0.1:61907 to /127.0.0.1:60923" [_thread_blocked, id=2268, stack(0x000000001ccb0000,0x000000001cdb0000)]
  0x000000001a5a9000 JavaThread "Daemon worker Thread 2" [_thread_in_Java, id=6676, stack(0x000000001cbb0000,0x000000001ccb0000)]
  0x000000001a5aa000 JavaThread "Cancel handler" [_thread_blocked, id=11676, stack(0x000000001cab0000,0x000000001cbb0000)]
  0x000000001a5b0000 JavaThread "Handler for socket connection from /127.0.0.1:61907 to /127.0.0.1:60923" [_thread_in_native, id=13692, stack(0x000000001c7b0000,0x000000001c8b0000)]
  0x000000001a5ad000 JavaThread "Daemon Thread 2" [_thread_blocked, id=10104, stack(0x000000001c6b0000,0x000000001c7b0000)]
  0x000000001a5b1000 JavaThread "Cache worker for file content cache (C:\Users\ok\.gradle\caches\6.1.1\fileContent)" [_thread_blocked, id=2908, stack(0x0000000024040000,0x0000000024140000)]
  0x000000001a5ae000 JavaThread "Memory manager" [_thread_blocked, id=2960, stack(0x0000000023f40000,0x0000000024040000)]
  0x0000000019f13000 JavaThread "Cache worker for execution history cache (C:\Users\ok\.gradle\caches\6.1.1\executionHistory)" [_thread_blocked, id=6996, stack(0x000000001fb50000,0x000000001fc50000)]
  0x0000000019f0e800 JavaThread "Cache worker for file hash cache (C:\Users\ok\.gradle\caches\6.1.1\fileHashes)" [_thread_blocked, id=2172, stack(0x000000001d3b0000,0x000000001d4b0000)]
  0x0000000019f11800 JavaThread "File lock request listener" [_thread_in_native, id=8692, stack(0x000000001d2b0000,0x000000001d3b0000)]
  0x0000000019f10000 JavaThread "Cache worker for journal cache (C:\Users\ok\.gradle\caches\journal-1)" [_thread_blocked, id=7684, stack(0x000000001d1b0000,0x000000001d2b0000)]
  0x000000001b0f8800 JavaThread "Daemon periodic checks" [_thread_blocked, id=11596, stack(0x000000001c5b0000,0x000000001c6b0000)]
  0x000000001b042800 JavaThread "Incoming local TCP Connector on port 61907" [_thread_in_native, id=11980, stack(0x000000001c370000,0x000000001c470000)]
  0x0000000019646800 JavaThread "Daemon health stats" [_thread_blocked, id=8860, stack(0x000000001bd30000,0x000000001be30000)]
  0x000000001769c800 JavaThread "Service Thread" daemon [_thread_blocked, id=8680, stack(0x0000000019390000,0x0000000019490000)]
  0x0000000017698800 JavaThread "C1 CompilerThread2" daemon [_thread_blocked, id=2376, stack(0x0000000018e90000,0x0000000018f90000)]
=>0x0000000017691000 JavaThread "C2 CompilerThread1" daemon [_thread_in_native, id=11764, stack(0x0000000018d90000,0x0000000018e90000)]
  0x0000000017646800 JavaThread "C2 CompilerThread0" daemon [_thread_in_native, id=1804, stack(0x0000000018c90000,0x0000000018d90000)]
  0x0000000017645000 JavaThread "Attach Listener" daemon [_thread_blocked, id=10536, stack(0x0000000018b90000,0x0000000018c90000)]
  0x0000000017644000 JavaThread "Signal Dispatcher" daemon [_thread_blocked, id=2212, stack(0x0000000018a90000,0x0000000018b90000)]
  0x0000000002a15800 JavaThread "Finalizer" daemon [_thread_blocked, id=11332, stack(0x0000000018890000,0x0000000018990000)]
  0x0000000017629000 JavaThread "Reference Handler" daemon [_thread_blocked, id=11360, stack(0x0000000018790000,0x0000000018890000)]
  0x00000000028ae800 JavaThread "main" [_thread_blocked, id=820, stack(0x0000000002790000,0x0000000002890000)]

Other Threads:
  0x0000000017607000 VMThread [stack: 0x0000000018690000,0x0000000018790000] [id=6460]
  0x000000001769d800 WatcherThread [stack: 0x0000000019490000,0x0000000019590000] [id=1944]

VM state:not at safepoint (normal execution)

VM Mutex/Monitor currently owned by a thread: None

heap address: 0x0000000080000000, size: 2048 MB, Compressed Oops mode: 32-bit
Narrow klass base: 0x0000000000000000, Narrow klass shift: 3
Compressed class space size: 1073741824 Address: 0x0000000100000000

Heap:
 PSYoungGen      total 236544K, used 234479K [0x00000000d5580000, 0x00000000e5e80000, 0x0000000100000000)
  eden space 215552K, 99% used [0x00000000d5580000,0x00000000e25fd708,0x00000000e2800000)
  from space 20992K, 99% used [0x00000000e4080000,0x00000000e54fe510,0x00000000e5500000)
  to   space 25088K, 0% used [0x00000000e2800000,0x00000000e2800000,0x00000000e4080000)
 ParOldGen       total 132608K, used 36504K [0x0000000080000000, 0x0000000088180000, 0x00000000d5580000)
  object space 132608K, 27% used [0x0000000080000000,0x00000000823a62e0,0x0000000088180000)
 Metaspace       used 71452K, capacity 74452K, committed 74664K, reserved 1114112K
  class space    used 9503K, capacity 10112K, committed 10160K, reserved 1048576K

Card table byte_map: [0x0000000011de0000,0x00000000121f0000] byte_map_base: 0x00000000119e0000

Marking Bits: (ParMarkBitMap*) 0x0000000053bbf030
 Begin Bits: [0x00000000128a0000, 0x00000000148a0000)
 End Bits:   [0x00000000148a0000, 0x00000000168a0000)

Polling page: 0x0000000000f90000

CodeCache: size=245760Kb used=30129Kb max_used=30129Kb free=215630Kb
 bounds [0x0000000002a20000, 0x00000000047b0000, 0x0000000011a20000]
 total_blobs=9831 nmethods=9033 adapters=710
 compilation: enabled

Compilation events (10 events):
Event: 3880.310 Thread 0x0000000017698800 10579       3       java.util.HashMap::getOrDefault (23 bytes)
Event: 3880.311 Thread 0x0000000017698800 nmethod 10579 0x00000000047aab90 code [0x00000000047aad20, 0x00000000047ab138]
Event: 3880.477 Thread 0x0000000017698800 10580       3       java.util.regex.Pattern::compile (10 bytes)
Event: 3880.477 Thread 0x0000000017698800 nmethod 10580 0x00000000047ab290 code [0x00000000047ab400, 0x00000000047ab5e8]
Event: 3880.488 Thread 0x0000000017698800 10581       3       org.gradle.internal.classloader.CachingClassLoader::visit (20 bytes)
Event: 3880.489 Thread 0x0000000017698800 nmethod 10581 0x00000000047ab690 code [0x00000000047ab8c0, 0x00000000047ac658]
Event: 3880.494 Thread 0x0000000017698800 10582       1       org.gradle.internal.classloader.ClassLoaderVisitor::visitClassPath (1 bytes)
Event: 3880.494 Thread 0x0000000017698800 nmethod 10582 0x00000000047acd10 code [0x00000000047ace60, 0x00000000047acf70]
Event: 3880.498 Thread 0x0000000017698800 10583       3       org.gradle.internal.classloader.VisitableURLClassLoader::visit (38 bytes)
Event: 3880.500 Thread 0x0000000017698800 nmethod 10583 0x00000000047acfd0 code [0x00000000047ad260, 0x00000000047ae5e8]

GC Heap History (10 events):
Event: 19.668 GC heap before
{Heap before GC invocations=13 (full 2):
 PSYoungGen      total 151552K, used 151535K [0x00000000d5580000, 0x00000000e0100000, 0x0000000100000000)
  eden space 139264K, 100% used [0x00000000d5580000,0x00000000ddd80000,0x00000000ddd80000)
  from space 12288K, 99% used [0x00000000df500000,0x00000000e00fbfd8,0x00000000e0100000)
  to   space 14336K, 0% used [0x00000000de500000,0x00000000de500000,0x00000000df300000)
 ParOldGen       total 83968K, used 16869K [0x0000000080000000, 0x0000000085200000, 0x00000000d5580000)
  object space 83968K, 20% used [0x0000000080000000,0x0000000081079698,0x0000000085200000)
 Metaspace       used 53892K, capacity 55716K, committed 55976K, reserved 1097728K
  class space    used 7309K, capacity 7737K, committed 7856K, reserved 1048576K
Event: 19.711 GC heap after
Heap after GC invocations=13 (full 2):
 PSYoungGen      total 161280K, used 14327K [0x00000000d5580000, 0x00000000e2c00000, 0x0000000100000000)
  eden space 146944K, 0% used [0x00000000d5580000,0x00000000d5580000,0x00000000de500000)
  from space 14336K, 99% used [0x00000000de500000,0x00000000df2fde60,0x00000000df300000)
  to   space 19456K, 0% used [0x00000000e1900000,0x00000000e1900000,0x00000000e2c00000)
 ParOldGen       total 83968K, used 26153K [0x0000000080000000, 0x0000000085200000, 0x00000000d5580000)
  object space 83968K, 31% used [0x0000000080000000,0x000000008198a4e8,0x0000000085200000)
 Metaspace       used 53892K, capacity 55716K, committed 55976K, reserved 1097728K
  class space    used 7309K, capacity 7737K, committed 7856K, reserved 1048576K
}
Event: 20.827 GC heap before
{Heap before GC invocations=14 (full 2):
 PSYoungGen      total 161280K, used 65252K [0x00000000d5580000, 0x00000000e2c00000, 0x0000000100000000)
  eden space 146944K, 34% used [0x00000000d5580000,0x00000000d873b340,0x00000000de500000)
  from space 14336K, 99% used [0x00000000de500000,0x00000000df2fde60,0x00000000df300000)
  to   space 19456K, 0% used [0x00000000e1900000,0x00000000e1900000,0x00000000e2c00000)
 ParOldGen       total 83968K, used 26153K [0x0000000080000000, 0x0000000085200000, 0x00000000d5580000)
  object space 83968K, 31% used [0x0000000080000000,0x000000008198a4e8,0x0000000085200000)
 Metaspace       used 57084K, capacity 59010K, committed 59160K, reserved 1099776K
  class space    used 7825K, capacity 8267K, committed 8368K, reserved 1048576K
Event: 20.853 GC heap after
Heap after GC invocations=14 (full 2):
 PSYoungGen      total 200704K, used 4879K [0x00000000d5580000, 0x00000000e3680000, 0x0000000100000000)
  eden space 181248K, 0% used [0x00000000d5580000,0x00000000d5580000,0x00000000e0680000)
  from space 19456K, 25% used [0x00000000e1900000,0x00000000e1dc3c68,0x00000000e2c00000)
  to   space 18944K, 0% used [0x00000000e0680000,0x00000000e0680000,0x00000000e1900000)
 ParOldGen       total 83968K, used 36458K [0x0000000080000000, 0x0000000085200000, 0x00000000d5580000)
  object space 83968K, 43% used [0x0000000080000000,0x000000008239a948,0x0000000085200000)
 Metaspace       used 57084K, capacity 59010K, committed 59160K, reserved 1099776K
  class space    used 7825K, capacity 8267K, committed 8368K, reserved 1048576K
}
Event: 20.853 GC heap before
{Heap before GC invocations=15 (full 3):
 PSYoungGen      total 200704K, used 4879K [0x00000000d5580000, 0x00000000e3680000, 0x0000000100000000)
  eden space 181248K, 0% used [0x00000000d5580000,0x00000000d5580000,0x00000000e0680000)
  from space 19456K, 25% used [0x00000000e1900000,0x00000000e1dc3c68,0x00000000e2c00000)
  to   space 18944K, 0% used [0x00000000e0680000,0x00000000e0680000,0x00000000e1900000)
 ParOldGen       total 83968K, used 36458K [0x0000000080000000, 0x0000000085200000, 0x00000000d5580000)
  object space 83968K, 43% used [0x0000000080000000,0x000000008239a948,0x0000000085200000)
 Metaspace       used 57084K, capacity 59010K, committed 59160K, reserved 1099776K
  class space    used 7825K, capacity 8267K, committed 8368K, reserved 1048576K
Event: 21.286 GC heap after
Heap after GC invocations=15 (full 3):
 PSYoungGen      total 200704K, used 0K [0x00000000d5580000, 0x00000000e3680000, 0x0000000100000000)
  eden space 181248K, 0% used [0x00000000d5580000,0x00000000d5580000,0x00000000e0680000)
  from space 19456K, 0% used [0x00000000e1900000,0x00000000e1900000,0x00000000e2c00000)
  to   space 18944K, 0% used [0x00000000e0680000,0x00000000e0680000,0x00000000e1900000)
 ParOldGen       total 132608K, used 33993K [0x0000000080000000, 0x0000000088180000, 0x00000000d5580000)
  object space 132608K, 25% used [0x0000000080000000,0x00000000821326a8,0x0000000088180000)
 Metaspace       used 57072K, capacity 58968K, committed 59160K, reserved 1099776K
  class space    used 7821K, capacity 8260K, committed 8368K, reserved 1048576K
}
Event: 25.744 GC heap before
{Heap before GC invocations=16 (full 3):
 PSYoungGen      total 200704K, used 181248K [0x00000000d5580000, 0x00000000e3680000, 0x0000000100000000)
  eden space 181248K, 100% used [0x00000000d5580000,0x00000000e0680000,0x00000000e0680000)
  from space 19456K, 0% used [0x00000000e1900000,0x00000000e1900000,0x00000000e2c00000)
  to   space 18944K, 0% used [0x00000000e0680000,0x00000000e0680000,0x00000000e1900000)
 ParOldGen       total 132608K, used 33993K [0x0000000080000000, 0x0000000088180000, 0x00000000d5580000)
  object space 132608K, 25% used [0x0000000080000000,0x00000000821326a8,0x0000000088180000)
 Metaspace       used 61678K, capacity 64256K, committed 64296K, reserved 1103872K
  class space    used 8442K, capacity 8992K, committed 9008K, reserved 1048576K
Event: 25.772 GC heap after
Heap after GC invocations=16 (full 3):
 PSYoungGen      total 200192K, used 17328K [0x00000000d5580000, 0x00000000e5500000, 0x0000000100000000)
  eden space 181248K, 0% used [0x00000000d5580000,0x00000000d5580000,0x00000000e0680000)
  from space 18944K, 91% used [0x00000000e0680000,0x00000000e176c378,0x00000000e1900000)
  to   space 20992K, 0% used [0x00000000e4080000,0x00000000e4080000,0x00000000e5500000)
 ParOldGen       total 132608K, used 34001K [0x0000000080000000, 0x0000000088180000, 0x00000000d5580000)
  object space 132608K, 25% used [0x0000000080000000,0x00000000821346a8,0x0000000088180000)
 Metaspace       used 61678K, capacity 64256K, committed 64296K, reserved 1103872K
  class space    used 8442K, capacity 8992K, committed 9008K, reserved 1048576K
}
Event: 29.241 GC heap before
{Heap before GC invocations=17 (full 3):
 PSYoungGen      total 200192K, used 198576K [0x00000000d5580000, 0x00000000e5500000, 0x0000000100000000)
  eden space 181248K, 100% used [0x00000000d5580000,0x00000000e0680000,0x00000000e0680000)
  from space 18944K, 91% used [0x00000000e0680000,0x00000000e176c378,0x00000000e1900000)
  to   space 20992K, 0% used [0x00000000e4080000,0x00000000e4080000,0x00000000e5500000)
 ParOldGen       total 132608K, used 34001K [0x0000000080000000, 0x0000000088180000, 0x00000000d5580000)
  object space 132608K, 25% used [0x0000000080000000,0x00000000821346a8,0x0000000088180000)
 Metaspace       used 62788K, capacity 65534K, committed 65832K, reserved 1105920K
  class space    used 8592K, capacity 9199K, committed 9264K, reserved 1048576K
Event: 29.311 GC heap after
Heap after GC invocations=17 (full 3):
 PSYoungGen      total 236544K, used 20985K [0x00000000d5580000, 0x00000000e5e80000, 0x0000000100000000)
  eden space 215552K, 0% used [0x00000000d5580000,0x00000000d5580000,0x00000000e2800000)
  from space 20992K, 99% used [0x00000000e4080000,0x00000000e54fe510,0x00000000e5500000)
  to   space 25088K, 0% used [0x00000000e2800000,0x00000000e2800000,0x00000000e4080000)
 ParOldGen       total 132608K, used 36504K [0x0000000080000000, 0x0000000088180000, 0x00000000d5580000)
  object space 132608K, 27% used [0x0000000080000000,0x00000000823a62e0,0x0000000088180000)
 Metaspace       used 62788K, capacity 65534K, committed 65832K, reserved 1105920K
  class space    used 8592K, capacity 9199K, committed 9264K, reserved 1048576K
}

Deoptimization events (10 events):
Event: 3866.819 Thread 0x000000001a5a9000 Uncommon trap: reason=unstable_if action=reinterpret pc=0x0000000003d98548 method=org.gradle.cache.internal.DefaultCrossBuildInMemoryCacheFactory$AbstractCrossBuildInMemoryCache.getIfPresent(Ljava/lang/Object;)Ljava/lang/Object; @ 24
Event: 3866.913 Thread 0x000000001a5a9000 Uncommon trap: reason=unstable_if action=reinterpret pc=0x0000000004282aa8 method=org.gradle.tooling.internal.provider.runner.SubtreeFilteringBuildOperationListener.started(Lorg/gradle/internal/operations/BuildOperationDescriptor;Lorg/gradle/internal/oper
Event: 3866.917 Thread 0x000000001a5a9000 Uncommon trap: reason=unstable_if action=reinterpret pc=0x000000000416cba4 method=org.gradle.internal.io.StreamByteBuffer.prepareRead()I @ 30
Event: 3867.068 Thread 0x000000001a5a9000 Uncommon trap: reason=class_check action=maybe_recompile pc=0x0000000002d6aa0c method=java.util.regex.Matcher.getTextLength()I @ 4
Event: 3867.123 Thread 0x000000001a5a9000 Uncommon trap: reason=unstable_if action=reinterpret pc=0x00000000030679e4 method=org.codehaus.plexus.util.xml.pull.MXParser.more()C @ 8
Event: 3873.972 Thread 0x000000001a5a9000 Uncommon trap: reason=bimorphic action=maybe_recompile pc=0x0000000004218450 method=org.gradle.api.internal.attributes.DefaultImmutableAttributes.get()Ljava/lang/Object; @ 4
Event: 3873.976 Thread 0x000000001a5a9000 Uncommon trap: reason=null_check action=make_not_entrant pc=0x00000000043234e4 method=org.gradle.internal.action.InstantiatingAction.execute(Ljava/lang/Object;)V @ 52
Event: 3876.412 Thread 0x000000001a5a9000 Uncommon trap: reason=unstable_if action=reinterpret pc=0x00000000042fef10 method=java.util.HashMap.getOrDefault(Ljava/lang/Object;Ljava/lang/Object;)Ljava/lang/Object; @ 11
Event: 3876.984 Thread 0x000000001a5b3000 Uncommon trap: reason=unstable_if action=reinterpret pc=0x000000000440941c method=java.io.ObjectStreamClass.hasWriteReplaceMethod()Z @ 8
Event: 3877.159 Thread 0x000000001a5a9000 Uncommon trap: reason=unstable_if action=reinterpret pc=0x0000000004463c84 method=javax.management.ObjectName.construct(Ljava/lang/String;)V @ 881

Classes redefined (0 events):
No events

Internal exceptions (10 events):
Event: 29.334 Thread 0x000000001a898800 Implicit null exception at 0x0000000003ccb52c to 0x0000000003ccb666
Event: 32.463 Thread 0x000000001a898800 Exception <a 'sun/nio/fs/WindowsException'> (0x00000000db24d070) thrown at [C:\src\AOSP-openjdk-git\hotspot\src\share\vm\prims\jni.cpp, line 710]
Event: 32.522 Thread 0x000000001a898800 Implicit null exception at 0x00000000030839ec to 0x0000000003083a35
Event: 33.099 Thread 0x0000000019bfc000 Exception <a 'java/lang/NoSuchMethodError': <clinit>> (0x00000000dc0eaaa0) thrown at [C:\src\AOSP-openjdk-git\hotspot\src\share\vm\prims\jni.cpp, line 1615]
Event: 33.100 Thread 0x0000000019bfc000 Exception <a 'java/lang/NoSuchMethodError': <clinit>> (0x00000000dc0f6050) thrown at [C:\src\AOSP-openjdk-git\hotspot\src\share\vm\prims\jni.cpp, line 1615]
Event: 33.102 Thread 0x0000000019bfc000 Exception <a 'java/lang/NoSuchMethodError': <clinit>> (0x00000000dc100ba0) thrown at [C:\src\AOSP-openjdk-git\hotspot\src\share\vm\prims\jni.cpp, line 1615]
Event: 33.107 Thread 0x0000000019bfc000 Exception <a 'java/lang/NoSuchMethodError': <clinit>> (0x00000000dc11a800) thrown at [C:\src\AOSP-openjdk-git\hotspot\src\share\vm\prims\jni.cpp, line 1615]
Event: 33.108 Thread 0x0000000019bfc000 Exception <a 'java/lang/NoSuchMethodError': <clinit>> (0x00000000dc12b490) thrown at [C:\src\AOSP-openjdk-git\hotspot\src\share\vm\prims\jni.cpp, line 1615]
Event: 3866.912 Thread 0x000000001a5a9000 Implicit null exception at 0x00000000042820be to 0x0000000004282a84
Event: 3873.976 Thread 0x000000001a5a9000 Implicit null exception at 0x0000000004322a89 to 0x00000000043234d1

Events (10 events):
Event: 3879.117 Executing VM operation: RevokeBias done
Event: 3879.913 Executing VM operation: RevokeBias
Event: 3879.914 Executing VM operation: RevokeBias done
Event: 3880.247 Thread 0x00000000204b4000 Thread added: 0x00000000204b4000
Event: 3880.247 Thread 0x00000000204b0000 Thread added: 0x00000000204b0000
Event: 3880.247 Thread 0x00000000204ad000 Thread added: 0x00000000204ad000
Event: 3880.256 Executing VM operation: RevokeBias
Event: 3880.258 Executing VM operation: RevokeBias done
Event: 3880.259 Executing VM operation: RevokeBias
Event: 3880.259 Executing VM operation: RevokeBias done


Dynamic libraries:
0x00007ff633350000 - 0x00007ff633381000 	C:\Program Files\Android\Android Studio\jre\bin\java.exe
0x00007ffd86650000 - 0x00007ffd86845000 	C:\WINDOWS\SYSTEM32\ntdll.dll
0x00007ffd86380000 - 0x00007ffd8643d000 	C:\WINDOWS\System32\KERNEL32.DLL
0x00007ffd84010000 - 0x00007ffd842d7000 	C:\WINDOWS\System32\KERNELBASE.dll
0x00007ffd86440000 - 0x00007ffd864ea000 	C:\WINDOWS\System32\ADVAPI32.dll
0x00007ffd85fb0000 - 0x00007ffd8604e000 	C:\WINDOWS\System32\msvcrt.dll
0x00007ffd86250000 - 0x00007ffd862eb000 	C:\WINDOWS\System32\sechost.dll
0x00007ffd846b0000 - 0x00007ffd847d4000 	C:\WINDOWS\System32\RPCRT4.dll
0x00007ffd860b0000 - 0x00007ffd86250000 	C:\WINDOWS\System32\USER32.dll
0x00007ffd84680000 - 0x00007ffd846a2000 	C:\WINDOWS\System32\win32u.dll
0x00007ffd85920000 - 0x00007ffd8594a000 	C:\WINDOWS\System32\GDI32.dll
0x00007ffd843e0000 - 0x00007ffd844e9000 	C:\WINDOWS\System32\gdi32full.dll
0x00007ffd83f70000 - 0x00007ffd8400d000 	C:\WINDOWS\System32\msvcp_win.dll
0x00007ffd84520000 - 0x00007ffd84620000 	C:\WINDOWS\System32\ucrtbase.dll
0x00007ffd75850000 - 0x00007ffd75aeb000 	C:\WINDOWS\WinSxS\amd64_microsoft.windows.common-controls_6595b64144ccf1df_6.0.19041.488_none_ca04af081b815d21\COMCTL32.dll
0x00007ffd85f80000 - 0x00007ffd85fb0000 	C:\WINDOWS\System32\IMM32.DLL
0x00000000528a0000 - 0x0000000052972000 	C:\Program Files\Android\Android Studio\jre\jre\bin\msvcr100.dll
0x00000000533f0000 - 0x0000000053c3b000 	C:\Program Files\Android\Android Studio\jre\jre\bin\server\jvm.dll
0x00007ffd85da0000 - 0x00007ffd85da8000 	C:\WINDOWS\System32\PSAPI.DLL
0x00007ffd74a60000 - 0x00007ffd74a69000 	C:\WINDOWS\SYSTEM32\WSOCK32.dll
0x00007ffd865a0000 - 0x00007ffd8660b000 	C:\WINDOWS\System32\WS2_32.dll
0x00007ffd7a3b0000 - 0x00007ffd7a3d7000 	C:\WINDOWS\SYSTEM32\WINMM.dll
0x00007ffd79480000 - 0x00007ffd7948a000 	C:\WINDOWS\SYSTEM32\VERSION.dll
0x00007ffd7f350000 - 0x00007ffd7f35f000 	C:\Program Files\Android\Android Studio\jre\jre\bin\verify.dll
0x00007ffd79530000 - 0x00007ffd79559000 	C:\Program Files\Android\Android Studio\jre\jre\bin\java.dll
0x00007ffd79b30000 - 0x00007ffd79b46000 	C:\Program Files\Android\Android Studio\jre\jre\bin\zip.dll
0x00007ffd84d00000 - 0x00007ffd85441000 	C:\WINDOWS\System32\SHELL32.dll
0x00007ffd81ed0000 - 0x00007ffd82663000 	C:\WINDOWS\SYSTEM32\windows.storage.dll
0x00007ffd84920000 - 0x00007ffd84c75000 	C:\WINDOWS\System32\combase.dll
0x00007ffd83800000 - 0x00007ffd8382c000 	C:\WINDOWS\SYSTEM32\Wldp.dll
0x00007ffd864f0000 - 0x00007ffd8659e000 	C:\WINDOWS\System32\SHCORE.dll
0x00007ffd848c0000 - 0x00007ffd84915000 	C:\WINDOWS\System32\shlwapi.dll
0x00007ffd83cc0000 - 0x00007ffd83ce6000 	C:\WINDOWS\SYSTEM32\profapi.dll
0x00007ffd799f0000 - 0x00007ffd79a0a000 	C:\Program Files\Android\Android Studio\jre\jre\bin\net.dll
0x00007ffd83580000 - 0x00007ffd835ea000 	C:\WINDOWS\system32\mswsock.dll
0x00007ffd73680000 - 0x00007ffd73693000 	C:\Program Files\Android\Android Studio\jre\jre\bin\nio.dll
0x00007ffd5e690000 - 0x00007ffd5e6b6000 	C:\Users\ok\.gradle\native\31\windows-amd64\native-platform.dll
0x00007ffd7f340000 - 0x00007ffd7f34d000 	C:\Program Files\Android\Android Studio\jre\jre\bin\management.dll
0x00007ffd83750000 - 0x00007ffd83768000 	C:\WINDOWS\SYSTEM32\CRYPTSP.dll
0x00007ffd82ea0000 - 0x00007ffd82ed4000 	C:\WINDOWS\system32\rsaenh.dll
0x00007ffd844f0000 - 0x00007ffd84517000 	C:\WINDOWS\System32\bcrypt.dll
0x00007ffd83c80000 - 0x00007ffd83cae000 	C:\WINDOWS\SYSTEM32\USERENV.dll
0x00007ffd83d90000 - 0x00007ffd83e0f000 	C:\WINDOWS\System32\bcryptprimitives.dll
0x00007ffd83770000 - 0x00007ffd8377c000 	C:\WINDOWS\SYSTEM32\CRYPTBASE.dll
0x00007ffd83220000 - 0x00007ffd8325b000 	C:\WINDOWS\SYSTEM32\IPHLPAPI.DLL
0x00007ffd848b0000 - 0x00007ffd848b9000 	C:\WINDOWS\System32\NSI.dll
0x00007ffd74a70000 - 0x00007ffd74a87000 	C:\WINDOWS\SYSTEM32\dhcpcsvc6.DLL
0x00007ffd749b0000 - 0x00007ffd749cd000 	C:\WINDOWS\SYSTEM32\dhcpcsvc.DLL
0x00007ffd83270000 - 0x00007ffd8333b000 	C:\WINDOWS\SYSTEM32\DNSAPI.dll

VM Arguments:
jvm_args: -Xmx2048m -Dfile.encoding=windows-1252 -Duser.country=US -Duser.language=en -Duser.variant 
java_command: org.gradle.launcher.daemon.bootstrap.GradleDaemon 6.1.1
java_class_path (initial): C:\Users\ok\.gradle\wrapper\dists\gradle-6.1.1-all\cfmwm155h49vnt3hynmlrsdst\gradle-6.1.1\lib\gradle-launcher-6.1.1.jar
Launcher Type: SUN_STANDARD

Environment Variables:
JAVA_HOME=C:\Program Files\OpenJDK\openjdk-8u262-b10
CLASSPATH=.;
PATH=C:\Python38\Scripts\;C:\Python38\;C:\Python27\;C:\Python27\Scripts;C:\oraclexe\app\oracle\product\11.2.0\server\bin;C:\app\ok\product\11.2.0\dbhome_1\bin;C:\WINDOWS\system32;C:\WINDOWS;C:\WINDOWS\System32\Wbem;C:\WINDOWS\System32\WindowsPowerShell\v1.0\;C:\WINDOWS\System32\OpenSSH\;C:\MinGW\bin;C:\Program Files\apache-maven-3.6.3\bin;C:\ProgramData\chocolatey\bin;C:\Program Files\nodejs\;C:\Users\ok\AppData\Local\Android\Sdk\platform-tools;C:\Users\ok\AppData\Local\Android\Sdk\tools\bin;C:\Users\ok\AppData\Local\Android\Sdk\tools;C:\Program Files\Java\jdk-14.0.2\bin;C:\Program Files\OpenJDK\openjdk-8u262-b10\bin;C:\Program Files\Git\cmd;C:\Program Files\Notepad++;C:\Program Files\Perforce\;C:\Users\ok\tizen-studio\tools\ide\bin;C:\Users\ok\scoop\shims;C:\Users\ok\AppData\Local\Microsoft\WindowsApps;C:\Program Files\Java\jdk-14.0.2;C:\Users\ok\AppData\Roaming\npm;C:\Users\ok\AppData\Local\Programs\Microsoft VS Code\bin;C:\Program Files\qemu;C:\Windows\System32;C:\Program Files\JetBrains\IntelliJ IDEA Community Edition 2020.2\bin;C:\Users\ok\AppData\Local\GitHubDesktop\bin;C:\Users\ok\AppData\Local\Android\Sdk\platform-tools;C:\Program Files\OpenJDK\openjdk-8u262-b10\bin;;C:\Users\ok\AppData\Local\Microsoft\WindowsApps
USERNAME=ok
OS=Windows_NT
PROCESSOR_IDENTIFIER=Intel64 Family 6 Model 61 Stepping 4, GenuineIntel



---------------  S Y S T E M  ---------------

OS: Windows 10.0 , 64 bit Build 19041 (10.0.19041.292)

CPU:total 4 (initial active 4) (2 cores per cpu, 2 threads per core) family 6 model 61 stepping 4, cmov, cx8, fxsr, mmx, sse, sse2, sse3, ssse3, sse4.1, sse4.2, popcnt, avx, avx2, aes, clmul, erms, rtm, 3dnowpref, lzcnt, ht, tsc, tscinvbit, bmi1, bmi2, adx

Memory: 4k page, physical 8261676k(3258812k free), swap 33427500k(4540k free)

vm_info: OpenJDK 64-Bit Server VM (25.242-b01) for windows-amd64 JRE (1.8.0_242-release-1644-b01), built by "builder" with MS VC++ 10.0 (VS2010)

time: Sat Sep 26 21:05:14 2020
timezone: India Standard Time
elapsed time: 3880 seconds (0d 1h 4m 40s)

